<?xml version="1.0" encoding="UTF-8"?>
<testng-results ignored="0" total="1" passed="1" failed="0" skipped="0">
  <reporter-output>
    <line>
      <![CDATA[===datafetching===]]>
    </line>
  </reporter-output>
  <suite started-at="2022-03-26T01:01:07 IST" name="Default suite" finished-at="2022-03-26T01:01:07 IST" duration-ms="56">
    <groups>
    </groups>
    <test started-at="2022-03-26T01:01:07 IST" name="Default test" finished-at="2022-03-26T01:01:07 IST" duration-ms="56">
      <class name="com.amazon.utility.ReadConfig">
        <test-method signature="dataprovider()[pri:0, instance:com.amazon.utility.ReadConfig@611889f4]" started-at="2022-03-26T01:01:07 IST" name="dataprovider" finished-at="2022-03-26T01:01:07 IST" duration-ms="9" status="PASS">
          <reporter-output>
            <line>
              <![CDATA[===datafetching===]]>
            </line>
          </reporter-output>
        </test-method> <!-- dataprovider -->
      </class> <!-- com.amazon.utility.ReadConfig -->
    </test> <!-- Default test -->
  </suite> <!-- Default suite -->
</testng-results>
